<?xml version="1.0" encoding="UTF-8"?>
<testsuite name="test.pivotal.pal.tracker.projects.ProjectControllerTest" tests="4" skipped="0" failures="0" errors="0" timestamp="2019-06-24T01:13:18" hostname="CITSN5344" time="0.092">
  <properties/>
  <testcase name="testGet_WithNull" classname="test.pivotal.pal.tracker.projects.ProjectControllerTest" time="0.045"/>
  <testcase name="testGet" classname="test.pivotal.pal.tracker.projects.ProjectControllerTest" time="0.002"/>
  <testcase name="testList" classname="test.pivotal.pal.tracker.projects.ProjectControllerTest" time="0.024"/>
  <testcase name="testCreate" classname="test.pivotal.pal.tracker.projects.ProjectControllerTest" time="0.02"/>
  <system-out><![CDATA[]]></system-out>
  <system-err><![CDATA[]]></system-err>
</testsuite>
